<?xml version="1.0" encoding="UTF-8"?>
<!-- Generated by org.testng.reporters.JUnitReportReporter -->
<testsuite hostname="W10x64" failures="0" tests="1" name="vttiger_TC.CreateOrg" time="82.658" errors="0" timestamp="13 Apr 2021 18:28:05 GMT" skipped="0">
  <testcase classname="vttiger_TC.CreateOrg" name="createOrg" time="82.658"/>
</testsuite> <!-- vttiger_TC.CreateOrg -->
